<?xml version="1.0" encoding="UTF-8"?>
<testsuite xmlns:xsi="http://www.w3.org/2001/XMLSchema-instance" xsi:noNamespaceSchemaLocation="https://maven.apache.org/surefire/maven-surefire-plugin/xsd/surefire-test-report-3.0.xsd" version="3.0" name="com.echo.blog.controller.AuthControllerTest" time="2.174" tests="2" errors="0" skipped="0" failures="2">
  <properties>
[...]
</properties>
  <testcase name="testLogin" classname="com.echo.blog.controller.AuthControllerTest" time="0.06">
    <failure message="Status expected:&lt;200&gt; but was:&lt;403&gt;" type="java.lang.AssertionError"><![CDATA[java.lang.AssertionError: Status expected:<200> but was:<403>
	at org.springframework.test.util.AssertionErrors.fail(AssertionErrors.java:59)
	at org.springframework.test.util.AssertionErrors.assertEquals(AssertionErrors.java:122)
	at org.springframework.test.web.servlet.result.StatusResultMatchers.lambda$matcher$9(StatusResultMatchers.java:637)
	at org.springframework.test.web.servlet.MockMvc$1.andExpect(MockMvc.java:214)
	at com.echo.blog.controller.AuthControllerTest.testLogin(AuthControllerTest.java:67)
	at java.base/java.lang.reflect.Method.invoke(Method.java:580)
	at java.base/java.util.ArrayList.forEach(ArrayList.java:1596)
	at java.base/java.util.ArrayList.forEach(ArrayList.java:1596)
]]></failure>
    <system-out><![CDATA[16:53:02.311 [main] INFO org.springframework.test.context.support.AnnotationConfigContextLoaderUtils -- Could not detect default configuration classes for test class [com.echo.blog.controller.AuthControllerTest]: AuthControllerTest does not declare any static, non-private, non-final, nested classes annotated with @Configuration.
16:53:02.407 [main] INFO org.springframework.boot.test.context.SpringBootTestContextBootstrapper -- Found @SpringBootConfiguration com.echo.blog.EchoBlogApplication for test class com.echo.blog.controller.AuthControllerTest

  .   ____          _            __ _ _
 /\\ / ___'_ __ _ _(_)_ __  __ _ \ \ \ \
( ( )\___ | '_ | '_| | '_ \/ _` | \ \ \ \
 \\/  ___)| |_)| | | | | || (_| |  ) ) ) )
  '  |____| .__|_| |_|_| |_\__, | / / / /
 =========|_|==============|___/=/_/_/_/
 :: Spring Boot ::                (v3.2.1)

2025-03-08T16:53:02.658+08:00  INFO 46214 --- [echo-blog] [           main] c.e.blog.controller.AuthControllerTest   : Starting AuthControllerTest using Java 21.0.5 with PID 46214 (started by ls in /Users/ls/echo_pro/echo-blog-java)
2025-03-08T16:53:02.659+08:00 DEBUG 46214 --- [echo-blog] [           main] c.e.blog.controller.AuthControllerTest   : Running with Spring Boot v3.2.1, Spring v6.1.2
2025-03-08T16:53:02.659+08:00  INFO 46214 --- [echo-blog] [           main] c.e.blog.controller.AuthControllerTest   : No active profile set, falling back to 1 default profile: "default"
2025-03-08T16:53:04.266+08:00  INFO 46214 --- [echo-blog] [           main] o.s.s.web.DefaultSecurityFilterChain     : Will secure any request with [org.springframework.security.web.session.DisableEncodeUrlFilter@6fa3def8, org.springframework.security.web.context.request.async.WebAsyncManagerIntegrationFilter@1c3d9e28, org.springframework.security.web.context.SecurityContextHolderFilter@304068, org.springframework.security.web.header.HeaderWriterFilter@2fdf7da2, org.springframework.web.filter.CorsFilter@a1cb94, org.springframework.security.web.csrf.CsrfFilter@552bee2f, org.springframework.security.web.authentication.logout.LogoutFilter@6550ce46, org.springframework.security.web.authentication.UsernamePasswordAuthenticationFilter@4a944af9, org.springframework.security.web.authentication.ui.DefaultLoginPageGeneratingFilter@5c79c5ec, org.springframework.security.web.authentication.ui.DefaultLogoutPageGeneratingFilter@46d148bd, org.springframework.security.web.authentication.www.BasicAuthenticationFilter@5f33e6d, org.springframework.security.web.savedrequest.RequestCacheAwareFilter@1cb849b2, org.springframework.security.web.servletapi.SecurityContextHolderAwareRequestFilter@6fe2a366, org.springframework.security.web.authentication.AnonymousAuthenticationFilter@37f41a81, org.springframework.security.web.access.ExceptionTranslationFilter@6fa2a006, org.springframework.security.web.access.intercept.AuthorizationFilter@2336cd91]
2025-03-08T16:53:04.287+08:00 DEBUG 46214 --- [echo-blog] [           main] c.e.b.security.JwtAuthenticationFilter   : Filter 'jwtAuthenticationFilter' configured for use
2025-03-08T16:53:04.291+08:00  INFO 46214 --- [echo-blog] [           main] o.s.b.t.m.w.SpringBootMockServletContext : Initializing Spring TestDispatcherServlet ''
2025-03-08T16:53:04.291+08:00  INFO 46214 --- [echo-blog] [           main] o.s.t.web.servlet.TestDispatcherServlet  : Initializing Servlet ''
2025-03-08T16:53:04.292+08:00  INFO 46214 --- [echo-blog] [           main] o.s.t.web.servlet.TestDispatcherServlet  : Completed initialization in 1 ms
2025-03-08T16:53:04.304+08:00  INFO 46214 --- [echo-blog] [           main] c.e.blog.controller.AuthControllerTest   : Started AuthControllerTest in 1.855 seconds (process running for 2.372)

MockHttpServletRequest:
      HTTP Method = POST
      Request URI = /api/auth/login
       Parameters = {}
          Headers = [Content-Type:"application/json;charset=UTF-8", Content-Length:"45"]
             Body = {"username":"testuser","password":"password"}
    Session Attrs = {org.springframework.security.web.csrf.HttpSessionCsrfTokenRepository.CSRF_TOKEN=org.springframework.security.web.csrf.DefaultCsrfToken@77e730bd}

Handler:
             Type = null

Async:
    Async started = false
     Async result = null

Resolved Exception:
             Type = null

ModelAndView:
        View name = null
             View = null
            Model = null

FlashMap:
       Attributes = null

MockHttpServletResponse:
           Status = 403
    Error message = Forbidden
          Headers = [Vary:"Origin", "Access-Control-Request-Method", "Access-Control-Request-Headers", X-Content-Type-Options:"nosniff", X-XSS-Protection:"0", Cache-Control:"no-cache, no-store, max-age=0, must-revalidate", Pragma:"no-cache", Expires:"0", X-Frame-Options:"DENY"]
     Content type = null
             Body = 
    Forwarded URL = null
   Redirected URL = null
          Cookies = []
]]></system-out>
    <system-err><![CDATA[WARNING: A Java agent has been loaded dynamically (/Users/ls/MyWork/mvn_pros/net/bytebuddy/byte-buddy-agent/1.14.10/byte-buddy-agent-1.14.10.jar)
WARNING: If a serviceability tool is in use, please run with -XX:+EnableDynamicAgentLoading to hide this warning
WARNING: If a serviceability tool is not in use, please run with -Djdk.instrument.traceUsage for more information
WARNING: Dynamic loading of agents will be disallowed by default in a future release
]]></system-err>
  </testcase>
  <testcase name="testRegister" classname="com.echo.blog.controller.AuthControllerTest" time="0.008">
    <failure message="Status expected:&lt;200&gt; but was:&lt;403&gt;" type="java.lang.AssertionError"><![CDATA[java.lang.AssertionError: Status expected:<200> but was:<403>
	at org.springframework.test.util.AssertionErrors.fail(AssertionErrors.java:59)
	at org.springframework.test.util.AssertionErrors.assertEquals(AssertionErrors.java:122)
	at org.springframework.test.web.servlet.result.StatusResultMatchers.lambda$matcher$9(StatusResultMatchers.java:637)
	at org.springframework.test.web.servlet.MockMvc$1.andExpect(MockMvc.java:214)
	at com.echo.blog.controller.AuthControllerTest.testRegister(AuthControllerTest.java:92)
	at java.base/java.lang.reflect.Method.invoke(Method.java:580)
	at java.base/java.util.ArrayList.forEach(ArrayList.java:1596)
	at java.base/java.util.ArrayList.forEach(ArrayList.java:1596)
]]></failure>
    <system-out><![CDATA[
MockHttpServletRequest:
      HTTP Method = POST
      Request URI = /api/auth/register
       Parameters = {}
          Headers = [Content-Type:"application/json;charset=UTF-8", Content-Length:"90"]
             Body = {"username":"newuser","password":"password","email":"newuser@example.com","nickname":null}
    Session Attrs = {org.springframework.security.web.csrf.HttpSessionCsrfTokenRepository.CSRF_TOKEN=org.springframework.security.web.csrf.DefaultCsrfToken@1b36d248}

Handler:
             Type = null

Async:
    Async started = false
     Async result = null

Resolved Exception:
             Type = null

ModelAndView:
        View name = null
             View = null
            Model = null

FlashMap:
       Attributes = null

MockHttpServletResponse:
           Status = 403
    Error message = Forbidden
          Headers = [Vary:"Origin", "Access-Control-Request-Method", "Access-Control-Request-Headers", X-Content-Type-Options:"nosniff", X-XSS-Protection:"0", Cache-Control:"no-cache, no-store, max-age=0, must-revalidate", Pragma:"no-cache", Expires:"0", X-Frame-Options:"DENY"]
     Content type = null
             Body = 
    Forwarded URL = null
   Redirected URL = null
          Cookies = []
]]></system-out>
  </testcase>
</testsuite>